<?xml version="1.0" encoding="UTF-8"?>
<testng-results skipped="0" failed="0" ignored="0" total="2" passed="2">
  <reporter-output>
    <line>
      <![CDATA[Setting up reports and Test Started]]>
    </line>
    <line>
      <![CDATA[Settings Done- Test can be started]]>
    </line>
    <line>
      <![CDATA[Trying to start browser and getting application ready]]>
    </line>
    <line>
      <![CDATA[Browser and appication is up and running]]>
    </line>
    <line>
      <![CDATA[Test is about to end]]>
    </line>
    <line>
      <![CDATA[Test Completed >>> Reports Generated]]>
    </line>
    <line>
      <![CDATA[Test is about to end]]>
    </line>
    <line>
      <![CDATA[Test Completed >>> Reports Generated]]>
    </line>
  </reporter-output>
  <suite name="Suite" duration-ms="35942" started-at="2020-06-03T21:46:11Z" finished-at="2020-06-03T21:46:47Z">
    <groups>
    </groups>
    <test name="Test" duration-ms="35942" started-at="2020-06-03T21:46:11Z" finished-at="2020-06-03T21:46:47Z">
      <class name="com.regence.testcases.LoginTestRegence">
        <test-method status="PASS" signature="setUpSuite()[pri:0, instance:com.regence.testcases.LoginTestRegence@214b199c]" name="setUpSuite" is-config="true" duration-ms="590" started-at="2020-06-03T14:46:10Z" finished-at="2020-06-03T14:46:11Z">
          <reporter-output>
            <line>
              <![CDATA[Setting up reports and Test Started]]>
            </line>
            <line>
              <![CDATA[Settings Done- Test can be started]]>
            </line>
          </reporter-output>
        </test-method> <!-- setUpSuite -->
        <test-method status="PASS" signature="setup()[pri:0, instance:com.regence.testcases.LoginTestRegence@214b199c]" name="setup" is-config="true" duration-ms="14113" started-at="2020-06-03T14:46:11Z" finished-at="2020-06-03T14:46:25Z">
          <reporter-output>
            <line>
              <![CDATA[Trying to start browser and getting application ready]]>
            </line>
            <line>
              <![CDATA[Browser and appication is up and running]]>
            </line>
          </reporter-output>
        </test-method> <!-- setup -->
        <test-method status="PASS" signature="loginapp()[pri:1, instance:com.regence.testcases.LoginTestRegence@214b199c]" name="loginapp" duration-ms="11203" started-at="2020-06-03T14:46:25Z" finished-at="2020-06-03T14:46:36Z">
          <reporter-output>
          </reporter-output>
        </test-method> <!-- loginapp -->
        <test-method status="PASS" signature="tearDownMethod(org.testng.ITestResult)[pri:0, instance:com.regence.testcases.LoginTestRegence@214b199c]" name="tearDownMethod" is-config="true" duration-ms="623" started-at="2020-06-03T14:46:36Z" finished-at="2020-06-03T14:46:37Z">
          <params>
            <param index="0">
              <value>
                <![CDATA[[TestResult name=loginapp status=SUCCESS method=LoginTestRegence.loginapp()[pri:1, instance:com.regence.testcases.LoginTestRegence@214b199c] output={null}]]]>
              </value>
            </param>
          </params>
          <reporter-output>
            <line>
              <![CDATA[Test is about to end]]>
            </line>
            <line>
              <![CDATA[Test Completed >>> Reports Generated]]>
            </line>
          </reporter-output>
        </test-method> <!-- tearDownMethod -->
        <test-method status="PASS" signature="loginapp1()[pri:2, instance:com.regence.testcases.LoginTestRegence@214b199c]" name="loginapp1" duration-ms="8622" started-at="2020-06-03T14:46:37Z" finished-at="2020-06-03T14:46:45Z">
          <reporter-output>
          </reporter-output>
        </test-method> <!-- loginapp1 -->
        <test-method status="PASS" signature="tearDownMethod(org.testng.ITestResult)[pri:0, instance:com.regence.testcases.LoginTestRegence@214b199c]" name="tearDownMethod" is-config="true" duration-ms="729" started-at="2020-06-03T14:46:45Z" finished-at="2020-06-03T14:46:46Z">
          <params>
            <param index="0">
              <value>
                <![CDATA[[TestResult name=loginapp1 status=SUCCESS method=LoginTestRegence.loginapp1()[pri:2, instance:com.regence.testcases.LoginTestRegence@214b199c] output={null}]]]>
              </value>
            </param>
          </params>
          <reporter-output>
            <line>
              <![CDATA[Test is about to end]]>
            </line>
            <line>
              <![CDATA[Test Completed >>> Reports Generated]]>
            </line>
          </reporter-output>
        </test-method> <!-- tearDownMethod -->
        <test-method status="PASS" signature="tearDown()[pri:0, instance:com.regence.testcases.LoginTestRegence@214b199c]" name="tearDown" is-config="true" duration-ms="636" started-at="2020-06-03T14:46:46Z" finished-at="2020-06-03T14:46:47Z">
          <reporter-output>
          </reporter-output>
        </test-method> <!-- tearDown -->
      </class> <!-- com.regence.testcases.LoginTestRegence -->
    </test> <!-- Test -->
  </suite> <!-- Suite -->
</testng-results>
